  Source.c
D:\Algorithms\Coctail-Sort-C\Coctail-Sort-C\Coctail-Sort-C\Source.c(28,40): warning C4047: функция: "int" отличается по уровням косвенного обращения от "int *"
D:\Algorithms\Coctail-Sort-C\Coctail-Sort-C\Coctail-Sort-C\Source.c(28,40): warning C4024: digit_cmp: различные типы для формального и фактического параметров 1
D:\Algorithms\Coctail-Sort-C\Coctail-Sort-C\Coctail-Sort-C\Source.c(28,55): warning C4047: функция: "int" отличается по уровням косвенного обращения от "int *"
D:\Algorithms\Coctail-Sort-C\Coctail-Sort-C\Coctail-Sort-C\Source.c(28,55): warning C4024: digit_cmp: различные типы для формального и фактического параметров 2
D:\Algorithms\Coctail-Sort-C\Coctail-Sort-C\Coctail-Sort-C\Source.c(30,36): warning C4047: функция: "int *" отличается по уровням косвенного обращения от "int **"
D:\Algorithms\Coctail-Sort-C\Coctail-Sort-C\Coctail-Sort-C\Source.c(30,36): warning C4024: swap: различные типы для формального и фактического параметров 1
D:\Algorithms\Coctail-Sort-C\Coctail-Sort-C\Coctail-Sort-C\Source.c(30,52): warning C4047: функция: "int *" отличается по уровням косвенного обращения от "int **"
D:\Algorithms\Coctail-Sort-C\Coctail-Sort-C\Coctail-Sort-C\Source.c(30,52): warning C4024: swap: различные типы для формального и фактического параметров 2
D:\Algorithms\Coctail-Sort-C\Coctail-Sort-C\Coctail-Sort-C\Source.c(37,36): warning C4047: функция: "int" отличается по уровням косвенного обращения от "int *"
D:\Algorithms\Coctail-Sort-C\Coctail-Sort-C\Coctail-Sort-C\Source.c(37,36): warning C4024: digit_cmp: различные типы для формального и фактического параметров 1
D:\Algorithms\Coctail-Sort-C\Coctail-Sort-C\Coctail-Sort-C\Source.c(37,51): warning C4047: функция: "int" отличается по уровням косвенного обращения от "int *"
D:\Algorithms\Coctail-Sort-C\Coctail-Sort-C\Coctail-Sort-C\Source.c(37,51): warning C4024: digit_cmp: различные типы для формального и фактического параметров 2
D:\Algorithms\Coctail-Sort-C\Coctail-Sort-C\Coctail-Sort-C\Source.c(39,32): warning C4047: функция: "int *" отличается по уровням косвенного обращения от "int **"
D:\Algorithms\Coctail-Sort-C\Coctail-Sort-C\Coctail-Sort-C\Source.c(39,32): warning C4024: swap: различные типы для формального и фактического параметров 1
D:\Algorithms\Coctail-Sort-C\Coctail-Sort-C\Coctail-Sort-C\Source.c(39,48): warning C4047: функция: "int *" отличается по уровням косвенного обращения от "int **"
D:\Algorithms\Coctail-Sort-C\Coctail-Sort-C\Coctail-Sort-C\Source.c(39,48): warning C4024: swap: различные типы для формального и фактического параметров 2
D:\Algorithms\Coctail-Sort-C\Coctail-Sort-C\Coctail-Sort-C\Source.c(49,24): warning C4047: функция: "int **" отличается по уровням косвенного обращения от "int [5]"
D:\Algorithms\Coctail-Sort-C\Coctail-Sort-C\Coctail-Sort-C\Source.c(49,24): warning C4024: coctail_sort: различные типы для формального и фактического параметров 1
  Coctail-Sort-C.vcxproj -> D:\Algorithms\Coctail-Sort-C\Coctail-Sort-C\Debug\Coctail-Sort-C.exe
